<Anthill>

<WorldMap rowCount="80" colCount="100">
	<Map row="ssssssssssssssssssssssssssssssssssssssssssssssssssssssssssssssssssssssssssssssssssssssssssssssssssss" />
	<Map row="ssssssssssssssssssssssssssssssssssssssssssssssssssssssssssssssssssssssssssssssssssssssssssssssssssss" />
	<Map row="ssssssssssssssssssssssssssssssssssssssssssssssssssssssssssssssssssssssssssssssssssssssssssssssssssss" />
	<Map row="ssssssssssssssssssssssssssssssssssssssssssssssssssssssssssssssssssssssssssssssssssssssssssssssssssss" />
	<Map row="ssssssssssssssssssssssssssssssssssssssssssssssssssssssssssssssssssssssssssssssssssssssssssssssssssss" />
	<Map row="ssssssssssssssssssssssssssssssssssssssssssssssssssssssssssssssssssssssssssssssssssssssssssssssssssss" />
	<Map row="ssssssssssssssssssssssssssssssssssssssssssssssssssssssssssssssssssssssssssssssssssssssssssssssssssss" />
	<Map row="ssssssssssssssssssssssssssssssssssssssssssssssssssssssssssssssssssssssssssssssssssssssssssssssssssss" />
	<Map row="ssssssssssssssssssssssssssssssssssssssssssssssssssssssssssssssssssssssssssssssssssssssssssssssssssss" />
	<Map row="ssssssssssssssssssssssssssssssssssssssssssssssssssssssssssssssssssssssssssssssssssssssssssssssssssss" />
	<Map row="ssssssssssssssssssssssssssssssssssssssssssssssssssssssssssssssssssssssssssssssssssssssssssssssssssss" />
	<Map row="ssssssssssssssssssssssssssssssssssssssssssssssssssssssssssssssssssssssssssssssssssssssssssssssssssss" />
	<Map row="ssssssssssssssssssssssssssssssssssssssssssssssssssssssssssssssssssssssssssssssssssssssssssssssssssss" />
	<Map row="ssssssssssssssssssssssssssssssssssssssssssssssssssssssssssssssssssssssssssssssssssssssssssssssssssss" />
	<Map row="ssssssssssssssssssssssssssssssssssssssssssssssssssssssssssssssssssssssssssssssssssssssssssssssssssss" />
	<Map row="ssssssssssssssssssssssssssssssssssssssssssssssssssssssssssssssssssssssssssssssssssssssssssssssssssss" />
	<Map row="ssssssssssssssssssssssssssssssssssssssssssssssssssssssssssssssssssssssssssssssssssssssssssssssssssss" />
	<Map row="ssssssssssssssssssssssssssssssssssssssssssssssssssssssssssssssssssssssssssssssssssssssssssssssssssss" />

	<Map row="ssssssssssssssssssssssssssssssssssssssssssssssssssssssssssssssssssssssssssssssssssssssssssssssssssss" />
	<Map row="ssssssssssssssssssssssssssssssssssssssssssssssssssssssssssssssssssssssssssssssssssssssssssssssssssss" />
	<Map row="ssssssssssssssssssssssssssssssssssssssssssssssssssssssssssssssssssssssssssssssssssssssssssssssssssss" />
	<Map row="ssssssssssssssssssssssssssssssssssssssssssssssssssssssssssssssssssssssssssssssssssssssssssssssssssss" />
	<Map row="ssssssssssssssssssssssssssssssssssssssssssssssssssssssssssssssssssssssssssssssssssssssssssssssssssss" />
	<Map row="ssssssssssssssssssssssssssssssssssssssssssssssssssssssssssssssssssssssssssssssssssssssssssssssssssss" />
	<Map row="ssssssssssssssssssssssssssssssssssssssssssssssssssssssssssssssssssssssssssssssssssssssssssssssssssss" />
	<Map row="ssssssssssssssssssssssssssssssssssssssssssssssssssssssssssssssssssssssssssssssssssssssssssssssssssss" />
	<Map row="ssssssssssssssssssssssssssssssssssssssssssssssssssssssssssssssssssssssssssssssssssssssssssssssssssss" />
	<Map row="ssssssssssssssssssssssssssssssssssssssssssssssssssssssssssssssssssssssssssssssssssssssssssssssssssss" />

	<Map row="sssssssssssssssssssssssssssssssxxxxxxxxoxxxxxxxxxxxxxxxxxxxxxxxxxxxsssssssssssssssssssssssssssssssss" />
	<Map row="sssssssssssssssssssssssssssssssxxxxxxxxoooooooooooooooooxxxxxxxxxxxsssssssssssssssssssssssssssssssss" />
	<Map row="sssssssssssssssssssssssssssssssxxxxxxxxxxxxxxxxxxoooooooxxxxxxxxxxxsssssssssssssssssssssssssssssssss" />
	<Map row="sssssssssssssssssssssssssssssssxxxxxxxxxxxxxxxxxxoxxxxxxxxxxxxxxxxxsssssssssssssssssssssssssssssssss" />
	<Map row="sssssssssssssssssssssssssssssssxxxxxxxxooooooooooooooooooxxxxxxxxxxsssssssssssssssssssssssssssssssss" />
	<Map row="sssssssssssssssssssssssssssssssxxxxxxxxoxxxxoxxxxxxxxxxxoxxxxxxxxxxsssssssssssssssssssssssssssssssss" />
	<Map row="sssssssssssssssssssssssssssssssxxxxxxxxoxxxxoxxxxxxxxxxxoxxxxxxxxxxsssssssssssssssssssssssssssssssss" />
	<Map row="sssssssssssssssssssssssssssssssxxxxxxxxoxxxxoxxxxxoxxxxxoxxxxxxxxxxsssssssssssssssssssssssssssssssss" />
	<Map row="sssssssssssssssssssssssssssssssxxxxxxxxoxxxxoxxxxoooxxxxoxxxxxxxxxxsssssssssssssssssssssssssssssssss" />
	<Map row="sssssssssssssssssssssssssssssssxxxxxxxxoxxxxoxxxxoooxxxxoxxxxoooooosssssssssssssssssssssssssssssssss" />
	<Map row="sssssssssssssssssssssssssssssssoooooooooxxxxoxxxxoooxxxxoxxxxoxxxxxsssssssssssssssssssssssssssssssss" />
	<Map row="sssssssssssssssssssssssssssssssxxxxxxxxxxxxxoxxxxxoxxxxxoxxxxoxxxxxsssssssssssssssssssssssssssssssss" />
	<Map row="sssssssssssssssssssssssssssssssxxxxxxxxxxxxxoxxxxxoxxxxxoxxxxoxxxxxsssssssssssssssssssssssssssssssss" />
	<Map row="sssssssssssssssssssssssssssssssxxxxxxxxxxxxxoxxxxxoxxxxxoxxxxoxxxxxsssssssssssssssssssssssssssssssss" />
	<Map row="sssssssssssssssssssssssssssssssxxxxxxxxxxxxxoooooooxxxxxoxxxxoxxxxxsssssssssssssssssssssssssssssssss" />
	<Map row="sssssssssssssssssssssssssssssssxxxxxxxxxxxxxxxxxxxxxxxxxooooooxxxxxsssssssssssssssssssssssssssssssss" />
	<Map row="sssssssssssssssssssssssssssssssxxxxxxxxxxxxxxxxxxxxxxxxxoxxxxxxxxxxsssssssssssssssssssssssssssssssss" />
	<Map row="sssssssssssssssssssssssssssssssxxxxxxxxxxooooooooooooooooxxxxxxxxxxsssssssssssssssssssssssssssssssss" />
	<Map row="sssssssssssssssssssssssssssssssxxxxxxxxxxoxxxxxxxxxxxxxxxxxxxxxxxxxsssssssssssssssssssssssssssssssss" />
	<Map row="sssssssssssssssssssssssssssssssxxxxxxxxxxoooooooooooooooooxxxxxxxxxsssssssssssssssssssssssssssssssss" />
	<Map row="sssssssssssssssssssssssssssssssxxxxxxxxxxxxxxxxxxxxxxxxxxoxxxxxxxxxsssssssssssssssssssssssssssssssss" />
	<Map row="sssssssssssssssssssssssssssssssxxxxxxxxxxxxxxxxxxxxxxxxxxoxxxxxxxxxsssssssssssssssssssssssssssssssss" />

	<Map row="ssssssssssssssssssssssssssssssssssssssssssssssssssssssssssssssssssssssssssssssssssssssssssssssssssss" />
	<Map row="ssssssssssssssssssssssssssssssssssssssssssssssssssssssssssssssssssssssssssssssssssssssssssssssssssss" />
	<Map row="ssssssssssssssssssssssssssssssssssssssssssssssssssssssssssssssssssssssssssssssssssssssssssssssssssss" />
	<Map row="ssssssssssssssssssssssssssssssssssssssssssssssssssssssssssssssssssssssssssssssssssssssssssssssssssss" />
	<Map row="ssssssssssssssssssssssssssssssssssssssssssssssssssssssssssssssssssssssssssssssssssssssssssssssssssss" />
	<Map row="ssssssssssssssssssssssssssssssssssssssssssssssssssssssssssssssssssssssssssssssssssssssssssssssssssss" />
	<Map row="ssssssssssssssssssssssssssssssssssssssssssssssssssssssssssssssssssssssssssssssssssssssssssssssssssss" />
	<Map row="ssssssssssssssssssssssssssssssssssssssssssssssssssssssssssssssssssssssssssssssssssssssssssssssssssss" />
	<Map row="ssssssssssssssssssssssssssssssssssssssssssssssssssssssssssssssssssssssssssssssssssssssssssssssssssss" />
	<Map row="ssssssssssssssssssssssssssssssssssssssssssssssssssssssssssssssssssssssssssssssssssssssssssssssssssss" />

	<Map row="ssssssssssssssssssssssssssssssssssssssssssssssssssssssssssssssssssssssssssssssssssssssssssssssssssss" />
	<Map row="ssssssssssssssssssssssssssssssssssssssssssssssssssssssssssssssssssssssssssssssssssssssssssssssssssss" />
	<Map row="ssssssssssssssssssssssssssssssssssssssssssssssssssssssssssssssssssssssssssssssssssssssssssssssssssss" />
	<Map row="ssssssssssssssssssssssssssssssssssssssssssssssssssssssssssssssssssssssssssssssssssssssssssssssssssss" />
	<Map row="ssssssssssssssssssssssssssssssssssssssssssssssssssssssssssssssssssssssssssssssssssssssssssssssssssss" />
	<Map row="ssssssssssssssssssssssssssssssssssssssssssssssssssssssssssssssssssssssssssssssssssssssssssssssssssss" />
	<Map row="ssssssssssssssssssssssssssssssssssssssssssssssssssssssssssssssssssssssssssssssssssssssssssssssssssss" />
	<Map row="ssssssssssssssssssssssssssssssssssssssssssssssssssssssssssssssssssssssssssssssssssssssssssssssssssss" />
	<Map row="ssssssssssssssssssssssssssssssssssssssssssssssssssssssssssssssssssssssssssssssssssssssssssssssssssss" />
	<Map row="ssssssssssssssssssssssssssssssssssssssssssssssssssssssssssssssssssssssssssssssssssssssssssssssssssss" />
	<Map row="ssssssssssssssssssssssssssssssssssssssssssssssssssssssssssssssssssssssssssssssssssssssssssssssssssss" />
	<Map row="ssssssssssssssssssssssssssssssssssssssssssssssssssssssssssssssssssssssssssssssssssssssssssssssssssss" />
	<Map row="ssssssssssssssssssssssssssssssssssssssssssssssssssssssssssssssssssssssssssssssssssssssssssssssssssss" />
	<Map row="ssssssssssssssssssssssssssssssssssssssssssssssssssssssssssssssssssssssssssssssssssssssssssssssssssss" />
	<Map row="ssssssssssssssssssssssssssssssssssssssssssssssssssssssssssssssssssssssssssssssssssssssssssssssssssss" />
	<Map row="ssssssssssssssssssssssssssssssssssssssssssssssssssssssssssssssssssssssssssssssssssssssssssssssssssss" />
	<Map row="ssssssssssssssssssssssssssssssssssssssssssssssssssssssssssssssssssssssssssssssssssssssssssssssssssss" />
	<Map row="ssssssssssssssssssssssssssssssssssssssssssssssssssssssssssssssssssssssssssssssssssssssssssssssssssss" />
	<Map row="ssssssssssssssssssssssssssssssssssssssssssssssssssssssssssssssssssssssssssssssssssssssssssssssssssss" />
	<Map row="ssssssssssssssssssssssssssssssssssssssssssssssssssssssssssssssssssssssssssssssssssssssssssssssssssss" />
</WorldMap>

<CreaturesAbilities>
 <Ant maxLife="10000" maxLifeWithoutFood="400" turnNumberToBecomeHungry="100" strength="1" forgettingTime="5" sightRadius="2">
 <Citizen>
  <Warrior startCount="20" /> 
  <Worker startCount="80" /> 
</Citizen>
  <Queen layEggProbability="0.5" xPosition="50" yPosition="37" /> 
  <Egg hatchWarriorProbability="0.5" hatchTime="10" /> 
  </Ant>
  <Spider maxHealth="3" probability="0.1" foodQuantityAfterDeath="5" /> 
</CreaturesAbilities>

<EnvironmentCharacteristics>
  <Rain cloudWidth="3" probability="0.1" maxDuration="2" /> 
  <Food probability="0.2" maxDensity="10"/> 
  <Signal lifeTime="10" radius="3" /> 
</EnvironmentCharacteristics>

</Anthill>