<Anthill>

<WorldMap rowCount="50" colCount="50">
	<Map row="ssssssssssssssssssssssssssssssssssssssssssssssssss" />
	<Map row="ssssssssssssssssssssssssssssssssssssssssssssssssss" />
	<Map row="ssssssssssssssssssssssssssssssssssssssssssssssssss" />
	<Map row="ssssssssssssssssssssssssssssssssssssssssssssssssss" />
	<Map row="ssssssssssssssssssssssssssssssssssssssssssssssssss" />
	<Map row="sssssxoxoxoxoxoxoxoxoxoxoxoxoxoxoxoxoxoxoxoxssssss" />
	<Map row="sssssxoxoxoxoxoxoxoxoxoxoxoxoxoxoxoxoxoxoxoxssssss" />
	<Map row="sssssooooooooooooooooooooooooooooooooooooooossssss" />
	<Map row="sssssxoxoxoxoxoxoxoxoxoxoxoxoxoxoxoxoxoxoxoxssssss" />
	<Map row="sssssxoxoxoxoxoxoxoxoxoxoxoxoxoxoxoxoxoxoxoxssssss" />
	<Map row="sssssooooooooooooooooooooooooooooooooooooooossssss" />
	<Map row="sssssxoxoxoxoxoxoxoxoxoxoxoxoxoxoxoxoxoxoxoxssssss" />
	<Map row="sssssxoxoxoxoxoxoxoxoxoxoxoxoxoxoxoxoxoxoxoxssssss" />
	<Map row="sssssooooooooooooooooooooooooooooooooooooooossssss" />
	<Map row="sssssxoxoxoxoxoxoxoxoxoxoxoxoxoxoxoxoxoxoxoxssssss" />
	<Map row="sssssooooooooooooooooooooooooooooooooooooooossssss" />
	<Map row="sssssxoxoxoxoxoxoxoxoxoxoxoxoxoxoxoxoxoxoxoxssssss" />
	<Map row="sssssxoxoxoxoxoxoxoxoxoxoxoxoxoxoxoxoxoxoxoxssssss" />
	<Map row="sssssooooooooooooooooooooooooooooooooooooooossssss" />
	<Map row="sssssxoxoxoxoxoxoxoxoxoxoxoxoxoxoxoxoxoxoxoxssssss" />
	<Map row="sssssxoxoxoxoxoxoxoxoxoxoxoxoxoxoxoxoxoxoxoxssssss" />
	<Map row="sssssooooooooooooooooooooooooooooooooooooooossssss" />
	<Map row="sssssxoxoxoxoxoxoxoxoxoxoxoxoxoxoxoxoxoxoxoxssssss" />
	<Map row="sssssxoxoxoxoxoxoxoxoxoxoxoxoxoxoxoxoxoxoxoxssssss" />
	<Map row="sssssooooooooooooooooooooooooooooooooooooooossssss" />
	<Map row="sssssxoxoxoxoxoxoxoxoxoxoxoxoxoxoxoxoxoxoxoxssssss" />
	<Map row="sssssxoxoxoxoxoxoxoxoxoxoxoxoxoxoxoxoxoxoxoxssssss" />
	<Map row="sssssooooooooooooooooooooooooooooooooooooooossssss" />
	<Map row="sssssxoxoxoxoxoxoxoxoxoxoxoxoxoxoxoxoxoxoxoxssssss" />
	<Map row="sssssxoxoxoxoxoxoxoxoxoxoxoxoxoxoxoxoxoxoxoxssssss" />
	<Map row="sssssooooooooooooooooooooooooooooooooooooooossssss" />
	<Map row="sssssxoxoxoxoxoxoxoxoxoxoxoxoxoxoxoxoxoxoxoxssssss" />
	<Map row="sssssxoxoxoxoxoxoxoxoxoxoxoxoxoxoxoxoxoxoxoxssssss" />
	<Map row="sssssooooooooooooooooooooooooooooooooooooooossssss" />
	<Map row="sssssxoxoxoxoxoxoxoxoxoxoxoxoxoxoxoxoxoxoxoxssssss" />
	<Map row="sssssxoxoxoxoxoxoxoxoxoxoxoxoxoxoxoxoxoxoxoxssssss" />
	<Map row="sssssooooooooooooooooooooooooooooooooooooooossssss" />
	<Map row="sssssxoxoxoxoxoxoxoxoxoxoxoxoxoxoxoxoxoxoxoxssssss" />
	<Map row="sssssxoxoxoxoxoxoxoxoxoxoxoxoxoxoxoxoxoxoxoxssssss" />
	<Map row="sssssooooooooooooooooooooooooooooooooooooooossssss" />
	<Map row="sssssxoxoxoxoxoxoxoxoxoxoxoxoxoxoxoxoxoxoxoxssssss" />
	<Map row="sssssxoxoxoxoxoxoxoxoxoxoxoxoxoxoxoxoxoxoxoxssssss" />
	<Map row="sssssooooooooooooooooooooooooooooooooooooooossssss" />
	<Map row="sssssxoxoxoxoxoxoxoxoxoxoxoxoxoxoxoxoxoxoxoxssssss" />
	<Map row="sssssxoxoxoxoxoxoxoxoxoxoxoxoxoxoxoxoxoxoxoxssssss" />
	<Map row="ssssssssssssssssssssssssssssssssssssssssssssssssss" />
	<Map row="ssssssssssssssssssssssssssssssssssssssssssssssssss" />
	<Map row="ssssssssssssssssssssssssssssssssssssssssssssssssss" />
	<Map row="ssssssssssssssssssssssssssssssssssssssssssssssssss" />
	<Map row="ssssssssssssssssssssssssssssssssssssssssssssssssss" />
</WorldMap>
<CreaturesAbilities>
- <Ant maxLife="100" maxLifeWithoutFood="100" turnNumberToBecomeHungry="50" strength="3" forgettingTime="5" sightRadius="2">
- <Citizen>
  <Warrior startCount="120" /> 
  <Worker startCount="80" /> 
  </Citizen>
  <Queen layEggProbability="0.8" xPosition="18" yPosition="18" /> 
  <Egg hatchWarriorProbability="0.5" hatchTime="3" /> 
  </Ant>
  <Spider maxHealth="9" probability="0.5" foodQuantityAfterDeath="5" /> 
  </CreaturesAbilities>
- <EnvironmentCharacteristics>
  <Rain cloudWidth="30" probability="0.1" maxDuration="2" /> 
  <Food probability="1" /> 
  <Signal lifeTime="10" radius="3" /> 
  </EnvironmentCharacteristics>
</Anthill>
